<?xml version="1.0" encoding="UTF-8"?>
<testng-results skipped="0" failed="0" ignored="0" total="1" passed="1">
  <reporter-output>
  </reporter-output>
  <suite name="Default suite" duration-ms="134" started-at="2019-11-26T19:23:25 IST" finished-at="2019-11-26T19:23:25 IST">
    <groups>
    </groups>
    <test name="Default test" duration-ms="134" started-at="2019-11-26T19:23:25 IST" finished-at="2019-11-26T19:23:25 IST">
      <class name="sampleJavaApplication.firstTest">
        <test-method status="PASS" signature="test()[pri:0, instance:sampleJavaApplication.firstTest@2b9627bc]" name="test" duration-ms="23" started-at="2019-11-26T19:23:25 IST" finished-at="2019-11-26T19:23:25 IST">
          <reporter-output>
          </reporter-output>
        </test-method> <!-- test -->
      </class> <!-- sampleJavaApplication.firstTest -->
    </test> <!-- Default test -->
  </suite> <!-- Default suite -->
</testng-results>
